0 info it worked if it ends with ok
1 verbose cli [ '/usr/local/bin/node', '/usr/local/bin/npm', 'run', 'mini' ]
2 info using npm@3.9.5
3 info using node@v6.2.2
4 verbose run-script [ 'premini', 'mini', 'postmini' ]
5 info lifecycle chord-grid-web@1.0.0~premini: chord-grid-web@1.0.0
6 silly lifecycle chord-grid-web@1.0.0~premini: no script for premini, continuing
7 info lifecycle chord-grid-web@1.0.0~mini: chord-grid-web@1.0.0
8 verbose lifecycle chord-grid-web@1.0.0~mini: unsafe-perm in lifecycle true
9 verbose lifecycle chord-grid-web@1.0.0~mini: PATH: /usr/local/lib/node_modules/npm/bin/node-gyp-bin:/home/spock/Desktop/To Backup/Projects/ChordGridWeb/node_modules/.bin:/usr/local/bin:/usr/local/sbin:/usr/local/bin:/usr/sbin:/usr/bin:/sbin:/bin:/usr/games:/usr/local/games
10 verbose lifecycle chord-grid-web@1.0.0~mini: CWD: /home/spock/Desktop/To Backup/Projects/ChordGridWeb
11 silly lifecycle chord-grid-web@1.0.0~mini: Args: [ '-c', 'minifier base.css base-min.css' ]
12 info lifecycle chord-grid-web@1.0.0~mini: Failed to exec mini script
13 verbose stack Error: chord-grid-web@1.0.0 mini: `minifier base.css base-min.css`
13 verbose stack spawn ENOENT
13 verbose stack     at ChildProcess.<anonymous> (/usr/local/lib/node_modules/npm/lib/utils/spawn.js:17:16)
13 verbose stack     at emitTwo (events.js:106:13)
13 verbose stack     at ChildProcess.emit (events.js:191:7)
13 verbose stack     at maybeClose (internal/child_process.js:852:16)
13 verbose stack     at Process.ChildProcess._handle.onexit (internal/child_process.js:215:5)
14 verbose pkgid chord-grid-web@1.0.0
15 verbose cwd /home/spock/Desktop/To Backup/Projects/ChordGridWeb
16 error Linux 3.13.0-98-generic
17 error argv "/usr/local/bin/node" "/usr/local/bin/npm" "run" "mini"
18 error node v6.2.2
19 error npm  v3.9.5
20 error file sh
21 error code ELIFECYCLE
22 error errno ENOENT
23 error syscall spawn
24 error chord-grid-web@1.0.0 mini: `minifier base.css base-min.css`
24 error spawn ENOENT
25 error Failed at the chord-grid-web@1.0.0 mini script 'minifier base.css base-min.css'.
25 error Make sure you have the latest version of node.js and npm installed.
25 error If you do, this is most likely a problem with the chord-grid-web package,
25 error not with npm itself.
25 error Tell the author that this fails on your system:
25 error     minifier base.css base-min.css
25 error You can get information on how to open an issue for this project with:
25 error     npm bugs chord-grid-web
25 error Or if that isn't available, you can get their info via:
25 error     npm owner ls chord-grid-web
25 error There is likely additional logging output above.
26 verbose exit [ 1, true ]
